[15-Sep-2025 22:15:29 UTC] PHP Fatal error:  Cannot redeclare cetesi_breadcrumbs() (previously declared in C:\wamp64\www\cetesi\wp-content\themes\cetesi-theme\functions.php:1504) in C:\wamp64\www\cetesi\wp-content\themes\cetesi-theme\functions.php on line 2212
[15-Sep-2025 22:15:29 UTC] PHP Stack trace:
[15-Sep-2025 22:15:29 UTC] PHP   1. {main}() C:\wamp64\www\cetesi\wp-admin\admin-ajax.php:0
[15-Sep-2025 22:15:29 UTC] PHP   2. require_once() C:\wamp64\www\cetesi\wp-admin\admin-ajax.php:22
[15-Sep-2025 22:15:29 UTC] PHP   3. require_once() C:\wamp64\www\cetesi\wp-load.php:50
[15-Sep-2025 22:15:29 UTC] PHP   4. require_once() C:\wamp64\www\cetesi\wp-config.php:40
[16-Sep-2025 03:18:35 UTC] PHP Deprecated:  O arquivo Tema sem header.php está <strong>obsoleto</strong> desde a versão 3.0.0 sem nenhuma alternativa disponível. Inclua um modelo header.php em seu tema. in C:\wamp64\www\cetesi\wp-includes\functions.php on line 6121
[16-Sep-2025 03:18:35 UTC] PHP Stack trace:
[16-Sep-2025 03:18:35 UTC] PHP   1. {main}() C:\wamp64\www\cetesi\index.php:0
[16-Sep-2025 03:18:35 UTC] PHP   2. require() C:\wamp64\www\cetesi\index.php:17
[16-Sep-2025 03:18:35 UTC] PHP   3. require_once() C:\wamp64\www\cetesi\wp-blog-header.php:19
[16-Sep-2025 03:18:35 UTC] PHP   4. include() C:\wamp64\www\cetesi\wp-includes\template-loader.php:106
[16-Sep-2025 03:18:35 UTC] PHP   5. get_header($name = *uninitialized*, $args = *uninitialized*) C:\wamp64\www\cetesi\wp-content\themes\cetesi\index.php:12
[16-Sep-2025 03:18:35 UTC] PHP   6. locate_template($template_names = [0 => 'header.php'], $load = TRUE, $load_once = TRUE, $args = []) C:\wamp64\www\cetesi\wp-includes\general-template.php:48
[16-Sep-2025 03:18:35 UTC] PHP   7. load_template($_template_file = 'C:\\wamp64\\www\\cetesi/wp-includes/theme-compat/header.php', $load_once = TRUE, $args = []) C:\wamp64\www\cetesi\wp-includes\template.php:745
[16-Sep-2025 03:18:35 UTC] PHP   8. require_once() C:\wamp64\www\cetesi\wp-includes\template.php:810
[16-Sep-2025 03:18:35 UTC] PHP   9. _deprecated_file($file = 'Tema sem header.php', $version = '3.0.0', $replacement = NULL, $message = 'Inclua um modelo header.php em seu tema.') C:\wamp64\www\cetesi\wp-includes\theme-compat\header.php:9
[16-Sep-2025 03:18:35 UTC] PHP  10. wp_trigger_error($function_name = '', $message = 'O arquivo Tema sem header.php está <strong>obsoleto</strong> desde a versão 3.0.0 sem nenhuma alternativa disponível. Inclua um modelo header.php em seu tema.', $error_level = 16384) C:\wamp64\www\cetesi\wp-includes\functions.php:5831
[16-Sep-2025 03:18:35 UTC] PHP  11. trigger_error($message = 'O arquivo Tema sem header.php está <strong>obsoleto</strong> desde a versão 3.0.0 sem nenhuma alternativa disponível. Inclua um modelo header.php em seu tema.', $error_level = 16384) C:\wamp64\www\cetesi\wp-includes\functions.php:6121
[16-Sep-2025 03:18:35 UTC] PHP Deprecated:  O arquivo Tema sem sidebar.php está <strong>obsoleto</strong> desde a versão 3.0.0 sem nenhuma alternativa disponível. Inclua um modelo sidebar.php em seu tema. in C:\wamp64\www\cetesi\wp-includes\functions.php on line 6121
[16-Sep-2025 03:18:35 UTC] PHP Stack trace:
[16-Sep-2025 03:18:35 UTC] PHP   1. {main}() C:\wamp64\www\cetesi\index.php:0
[16-Sep-2025 03:18:35 UTC] PHP   2. require() C:\wamp64\www\cetesi\index.php:17
[16-Sep-2025 03:18:35 UTC] PHP   3. require_once() C:\wamp64\www\cetesi\wp-blog-header.php:19
[16-Sep-2025 03:18:35 UTC] PHP   4. include() C:\wamp64\www\cetesi\wp-includes\template-loader.php:106
[16-Sep-2025 03:18:35 UTC] PHP   5. get_sidebar($name = *uninitialized*, $args = *uninitialized*) C:\wamp64\www\cetesi\wp-content\themes\cetesi\index.php:187
[16-Sep-2025 03:18:35 UTC] PHP   6. locate_template($template_names = [0 => 'sidebar.php'], $load = TRUE, $load_once = TRUE, $args = []) C:\wamp64\www\cetesi\wp-includes\general-template.php:136
[16-Sep-2025 03:18:35 UTC] PHP   7. load_template($_template_file = 'C:\\wamp64\\www\\cetesi/wp-includes/theme-compat/sidebar.php', $load_once = TRUE, $args = []) C:\wamp64\www\cetesi\wp-includes\template.php:745
[16-Sep-2025 03:18:35 UTC] PHP   8. require_once() C:\wamp64\www\cetesi\wp-includes\template.php:810
[16-Sep-2025 03:18:35 UTC] PHP   9. _deprecated_file($file = 'Tema sem sidebar.php', $version = '3.0.0', $replacement = NULL, $message = 'Inclua um modelo sidebar.php em seu tema.') C:\wamp64\www\cetesi\wp-includes\theme-compat\sidebar.php:9
[16-Sep-2025 03:18:35 UTC] PHP  10. wp_trigger_error($function_name = '', $message = 'O arquivo Tema sem sidebar.php está <strong>obsoleto</strong> desde a versão 3.0.0 sem nenhuma alternativa disponível. Inclua um modelo sidebar.php em seu tema.', $error_level = 16384) C:\wamp64\www\cetesi\wp-includes\functions.php:5831
[16-Sep-2025 03:18:35 UTC] PHP  11. trigger_error($message = 'O arquivo Tema sem sidebar.php está <strong>obsoleto</strong> desde a versão 3.0.0 sem nenhuma alternativa disponível. Inclua um modelo sidebar.php em seu tema.', $error_level = 16384) C:\wamp64\www\cetesi\wp-includes\functions.php:6121
[16-Sep-2025 03:18:35 UTC] PHP Deprecated:  O arquivo Tema sem footer.php está <strong>obsoleto</strong> desde a versão 3.0.0 sem nenhuma alternativa disponível. Inclua um modelo footer.php em seu tema. in C:\wamp64\www\cetesi\wp-includes\functions.php on line 6121
[16-Sep-2025 03:18:35 UTC] PHP Stack trace:
[16-Sep-2025 03:18:35 UTC] PHP   1. {main}() C:\wamp64\www\cetesi\index.php:0
[16-Sep-2025 03:18:35 UTC] PHP   2. require() C:\wamp64\www\cetesi\index.php:17
[16-Sep-2025 03:18:35 UTC] PHP   3. require_once() C:\wamp64\www\cetesi\wp-blog-header.php:19
[16-Sep-2025 03:18:35 UTC] PHP   4. include() C:\wamp64\www\cetesi\wp-includes\template-loader.php:106
[16-Sep-2025 03:18:35 UTC] PHP   5. get_footer($name = *uninitialized*, $args = *uninitialized*) C:\wamp64\www\cetesi\wp-content\themes\cetesi\index.php:193
[16-Sep-2025 03:18:35 UTC] PHP   6. locate_template($template_names = [0 => 'footer.php'], $load = TRUE, $load_once = TRUE, $args = []) C:\wamp64\www\cetesi\wp-includes\general-template.php:92
[16-Sep-2025 03:18:35 UTC] PHP   7. load_template($_template_file = 'C:\\wamp64\\www\\cetesi/wp-includes/theme-compat/footer.php', $load_once = TRUE, $args = []) C:\wamp64\www\cetesi\wp-includes\template.php:745
[16-Sep-2025 03:18:35 UTC] PHP   8. require_once() C:\wamp64\www\cetesi\wp-includes\template.php:810
[16-Sep-2025 03:18:35 UTC] PHP   9. _deprecated_file($file = 'Tema sem footer.php', $version = '3.0.0', $replacement = NULL, $message = 'Inclua um modelo footer.php em seu tema.') C:\wamp64\www\cetesi\wp-includes\theme-compat\footer.php:9
[16-Sep-2025 03:18:35 UTC] PHP  10. wp_trigger_error($function_name = '', $message = 'O arquivo Tema sem footer.php está <strong>obsoleto</strong> desde a versão 3.0.0 sem nenhuma alternativa disponível. Inclua um modelo footer.php em seu tema.', $error_level = 16384) C:\wamp64\www\cetesi\wp-includes\functions.php:5831
[16-Sep-2025 03:18:35 UTC] PHP  11. trigger_error($message = 'O arquivo Tema sem footer.php está <strong>obsoleto</strong> desde a versão 3.0.0 sem nenhuma alternativa disponível. Inclua um modelo footer.php em seu tema.', $error_level = 16384) C:\wamp64\www\cetesi\wp-includes\functions.php:6121
[16-Sep-2025 03:18:40 UTC] PHP Deprecated:  O arquivo Tema sem header.php está <strong>obsoleto</strong> desde a versão 3.0.0 sem nenhuma alternativa disponível. Inclua um modelo header.php em seu tema. in C:\wamp64\www\cetesi\wp-includes\functions.php on line 6121
[16-Sep-2025 03:18:40 UTC] PHP Stack trace:
[16-Sep-2025 03:18:40 UTC] PHP   1. {main}() C:\wamp64\www\cetesi\index.php:0
[16-Sep-2025 03:18:40 UTC] PHP   2. require() C:\wamp64\www\cetesi\index.php:17
[16-Sep-2025 03:18:40 UTC] PHP   3. require_once() C:\wamp64\www\cetesi\wp-blog-header.php:19
[16-Sep-2025 03:18:40 UTC] PHP   4. include() C:\wamp64\www\cetesi\wp-includes\template-loader.php:106
[16-Sep-2025 03:18:40 UTC] PHP   5. get_header($name = *uninitialized*, $args = *uninitialized*) C:\wamp64\www\cetesi\wp-content\themes\cetesi\index.php:12
[16-Sep-2025 03:18:40 UTC] PHP   6. locate_template($template_names = [0 => 'header.php'], $load = TRUE, $load_once = TRUE, $args = []) C:\wamp64\www\cetesi\wp-includes\general-template.php:48
[16-Sep-2025 03:18:40 UTC] PHP   7. load_template($_template_file = 'C:\\wamp64\\www\\cetesi/wp-includes/theme-compat/header.php', $load_once = TRUE, $args = []) C:\wamp64\www\cetesi\wp-includes\template.php:745
[16-Sep-2025 03:18:40 UTC] PHP   8. require_once() C:\wamp64\www\cetesi\wp-includes\template.php:810
[16-Sep-2025 03:18:40 UTC] PHP   9. _deprecated_file($file = 'Tema sem header.php', $version = '3.0.0', $replacement = NULL, $message = 'Inclua um modelo header.php em seu tema.') C:\wamp64\www\cetesi\wp-includes\theme-compat\header.php:9
[16-Sep-2025 03:18:40 UTC] PHP  10. wp_trigger_error($function_name = '', $message = 'O arquivo Tema sem header.php está <strong>obsoleto</strong> desde a versão 3.0.0 sem nenhuma alternativa disponível. Inclua um modelo header.php em seu tema.', $error_level = 16384) C:\wamp64\www\cetesi\wp-includes\functions.php:5831
[16-Sep-2025 03:18:40 UTC] PHP  11. trigger_error($message = 'O arquivo Tema sem header.php está <strong>obsoleto</strong> desde a versão 3.0.0 sem nenhuma alternativa disponível. Inclua um modelo header.php em seu tema.', $error_level = 16384) C:\wamp64\www\cetesi\wp-includes\functions.php:6121
[16-Sep-2025 03:18:40 UTC] PHP Deprecated:  O arquivo Tema sem sidebar.php está <strong>obsoleto</strong> desde a versão 3.0.0 sem nenhuma alternativa disponível. Inclua um modelo sidebar.php em seu tema. in C:\wamp64\www\cetesi\wp-includes\functions.php on line 6121
[16-Sep-2025 03:18:40 UTC] PHP Stack trace:
[16-Sep-2025 03:18:40 UTC] PHP   1. {main}() C:\wamp64\www\cetesi\index.php:0
[16-Sep-2025 03:18:40 UTC] PHP   2. require() C:\wamp64\www\cetesi\index.php:17
[16-Sep-2025 03:18:40 UTC] PHP   3. require_once() C:\wamp64\www\cetesi\wp-blog-header.php:19
[16-Sep-2025 03:18:40 UTC] PHP   4. include() C:\wamp64\www\cetesi\wp-includes\template-loader.php:106
[16-Sep-2025 03:18:40 UTC] PHP   5. get_sidebar($name = *uninitialized*, $args = *uninitialized*) C:\wamp64\www\cetesi\wp-content\themes\cetesi\index.php:187
[16-Sep-2025 03:18:40 UTC] PHP   6. locate_template($template_names = [0 => 'sidebar.php'], $load = TRUE, $load_once = TRUE, $args = []) C:\wamp64\www\cetesi\wp-includes\general-template.php:136
[16-Sep-2025 03:18:40 UTC] PHP   7. load_template($_template_file = 'C:\\wamp64\\www\\cetesi/wp-includes/theme-compat/sidebar.php', $load_once = TRUE, $args = []) C:\wamp64\www\cetesi\wp-includes\template.php:745
[16-Sep-2025 03:18:40 UTC] PHP   8. require_once() C:\wamp64\www\cetesi\wp-includes\template.php:810
[16-Sep-2025 03:18:40 UTC] PHP   9. _deprecated_file($file = 'Tema sem sidebar.php', $version = '3.0.0', $replacement = NULL, $message = 'Inclua um modelo sidebar.php em seu tema.') C:\wamp64\www\cetesi\wp-includes\theme-compat\sidebar.php:9
[16-Sep-2025 03:18:40 UTC] PHP  10. wp_trigger_error($function_name = '', $message = 'O arquivo Tema sem sidebar.php está <strong>obsoleto</strong> desde a versão 3.0.0 sem nenhuma alternativa disponível. Inclua um modelo sidebar.php em seu tema.', $error_level = 16384) C:\wamp64\www\cetesi\wp-includes\functions.php:5831
[16-Sep-2025 03:18:40 UTC] PHP  11. trigger_error($message = 'O arquivo Tema sem sidebar.php está <strong>obsoleto</strong> desde a versão 3.0.0 sem nenhuma alternativa disponível. Inclua um modelo sidebar.php em seu tema.', $error_level = 16384) C:\wamp64\www\cetesi\wp-includes\functions.php:6121
[16-Sep-2025 03:18:40 UTC] PHP Deprecated:  O arquivo Tema sem footer.php está <strong>obsoleto</strong> desde a versão 3.0.0 sem nenhuma alternativa disponível. Inclua um modelo footer.php em seu tema. in C:\wamp64\www\cetesi\wp-includes\functions.php on line 6121
[16-Sep-2025 03:18:40 UTC] PHP Stack trace:
[16-Sep-2025 03:18:40 UTC] PHP   1. {main}() C:\wamp64\www\cetesi\index.php:0
[16-Sep-2025 03:18:40 UTC] PHP   2. require() C:\wamp64\www\cetesi\index.php:17
[16-Sep-2025 03:18:40 UTC] PHP   3. require_once() C:\wamp64\www\cetesi\wp-blog-header.php:19
[16-Sep-2025 03:18:40 UTC] PHP   4. include() C:\wamp64\www\cetesi\wp-includes\template-loader.php:106
[16-Sep-2025 03:18:40 UTC] PHP   5. get_footer($name = *uninitialized*, $args = *uninitialized*) C:\wamp64\www\cetesi\wp-content\themes\cetesi\index.php:193
[16-Sep-2025 03:18:40 UTC] PHP   6. locate_template($template_names = [0 => 'footer.php'], $load = TRUE, $load_once = TRUE, $args = []) C:\wamp64\www\cetesi\wp-includes\general-template.php:92
[16-Sep-2025 03:18:40 UTC] PHP   7. load_template($_template_file = 'C:\\wamp64\\www\\cetesi/wp-includes/theme-compat/footer.php', $load_once = TRUE, $args = []) C:\wamp64\www\cetesi\wp-includes\template.php:745
[16-Sep-2025 03:18:40 UTC] PHP   8. require_once() C:\wamp64\www\cetesi\wp-includes\template.php:810
[16-Sep-2025 03:18:40 UTC] PHP   9. _deprecated_file($file = 'Tema sem footer.php', $version = '3.0.0', $replacement = NULL, $message = 'Inclua um modelo footer.php em seu tema.') C:\wamp64\www\cetesi\wp-includes\theme-compat\footer.php:9
[16-Sep-2025 03:18:40 UTC] PHP  10. wp_trigger_error($function_name = '', $message = 'O arquivo Tema sem footer.php está <strong>obsoleto</strong> desde a versão 3.0.0 sem nenhuma alternativa disponível. Inclua um modelo footer.php em seu tema.', $error_level = 16384) C:\wamp64\www\cetesi\wp-includes\functions.php:5831
[16-Sep-2025 03:18:40 UTC] PHP  11. trigger_error($message = 'O arquivo Tema sem footer.php está <strong>obsoleto</strong> desde a versão 3.0.0 sem nenhuma alternativa disponível. Inclua um modelo footer.php em seu tema.', $error_level = 16384) C:\wamp64\www\cetesi\wp-includes\functions.php:6121
[16-Sep-2025 03:18:57 UTC] PHP Warning:  require_once(C:\wamp64\www\cetesi/wp-content/themes/cetesi/inc/customizer.php): Failed to open stream: No such file or directory in C:\wamp64\www\cetesi\wp-content\themes\cetesi\functions.php on line 353
[16-Sep-2025 03:18:57 UTC] PHP Stack trace:
[16-Sep-2025 03:18:57 UTC] PHP   1. {main}() C:\wamp64\www\cetesi\wp-admin\admin-ajax.php:0
[16-Sep-2025 03:18:57 UTC] PHP   2. require_once() C:\wamp64\www\cetesi\wp-admin\admin-ajax.php:22
[16-Sep-2025 03:18:57 UTC] PHP   3. require_once() C:\wamp64\www\cetesi\wp-load.php:50
[16-Sep-2025 03:18:57 UTC] PHP   4. require_once() C:\wamp64\www\cetesi\wp-config.php:40
[16-Sep-2025 03:18:57 UTC] PHP   5. include() C:\wamp64\www\cetesi\wp-settings.php:695
[16-Sep-2025 03:18:57 UTC] PHP Fatal error:  Uncaught Error: Failed opening required 'C:\wamp64\www\cetesi/wp-content/themes/cetesi/inc/customizer.php' (include_path='.;C:\php\pear') in C:\wamp64\www\cetesi\wp-content\themes\cetesi\functions.php:353
Stack trace:
#0 C:\wamp64\www\cetesi\wp-settings.php(695): include()
#1 C:\wamp64\www\cetesi\wp-config.php(40): require_once('C:\\wamp64\\www\\c...')
#2 C:\wamp64\www\cetesi\wp-load.php(50): require_once('C:\\wamp64\\www\\c...')
#3 C:\wamp64\www\cetesi\wp-admin\admin-ajax.php(22): require_once('C:\\wamp64\\www\\c...')
#4 {main}
  thrown in C:\wamp64\www\cetesi\wp-content\themes\cetesi\functions.php on line 353
[16-Sep-2025 03:18:59 UTC] PHP Warning:  require_once(C:\wamp64\www\cetesi/wp-content/themes/cetesi/inc/customizer.php): Failed to open stream: No such file or directory in C:\wamp64\www\cetesi\wp-content\themes\cetesi\functions.php on line 353
[16-Sep-2025 03:18:59 UTC] PHP Stack trace:
[16-Sep-2025 03:18:59 UTC] PHP   1. {main}() C:\wamp64\www\cetesi\wp-admin\themes.php:0
[16-Sep-2025 03:18:59 UTC] PHP   2. require_once() C:\wamp64\www\cetesi\wp-admin\themes.php:10
[16-Sep-2025 03:18:59 UTC] PHP   3. require_once() C:\wamp64\www\cetesi\wp-admin\admin.php:35
[16-Sep-2025 03:18:59 UTC] PHP   4. require_once() C:\wamp64\www\cetesi\wp-load.php:50
[16-Sep-2025 03:18:59 UTC] PHP   5. require_once() C:\wamp64\www\cetesi\wp-config.php:40
[16-Sep-2025 03:18:59 UTC] PHP   6. include() C:\wamp64\www\cetesi\wp-settings.php:695
[16-Sep-2025 03:18:59 UTC] PHP Fatal error:  Uncaught Error: Failed opening required 'C:\wamp64\www\cetesi/wp-content/themes/cetesi/inc/customizer.php' (include_path='.;C:\php\pear') in C:\wamp64\www\cetesi\wp-content\themes\cetesi\functions.php:353
Stack trace:
#0 C:\wamp64\www\cetesi\wp-settings.php(695): include()
#1 C:\wamp64\www\cetesi\wp-config.php(40): require_once('C:\\wamp64\\www\\c...')
#2 C:\wamp64\www\cetesi\wp-load.php(50): require_once('C:\\wamp64\\www\\c...')
#3 C:\wamp64\www\cetesi\wp-admin\admin.php(35): require_once('C:\\wamp64\\www\\c...')
#4 C:\wamp64\www\cetesi\wp-admin\themes.php(10): require_once('C:\\wamp64\\www\\c...')
#5 {main}
  thrown in C:\wamp64\www\cetesi\wp-content\themes\cetesi\functions.php on line 353
[16-Sep-2025 03:19:03 UTC] PHP Warning:  require_once(C:\wamp64\www\cetesi/wp-content/themes/cetesi/inc/customizer.php): Failed to open stream: No such file or directory in C:\wamp64\www\cetesi\wp-content\themes\cetesi\functions.php on line 353
[16-Sep-2025 03:19:03 UTC] PHP Stack trace:
[16-Sep-2025 03:19:03 UTC] PHP   1. {main}() C:\wamp64\www\cetesi\wp-admin\themes.php:0
[16-Sep-2025 03:19:03 UTC] PHP   2. require_once() C:\wamp64\www\cetesi\wp-admin\themes.php:10
[16-Sep-2025 03:19:03 UTC] PHP   3. require_once() C:\wamp64\www\cetesi\wp-admin\admin.php:35
[16-Sep-2025 03:19:03 UTC] PHP   4. require_once() C:\wamp64\www\cetesi\wp-load.php:50
[16-Sep-2025 03:19:03 UTC] PHP   5. require_once() C:\wamp64\www\cetesi\wp-config.php:40
[16-Sep-2025 03:19:03 UTC] PHP   6. include() C:\wamp64\www\cetesi\wp-settings.php:695
[16-Sep-2025 03:19:03 UTC] PHP Fatal error:  Uncaught Error: Failed opening required 'C:\wamp64\www\cetesi/wp-content/themes/cetesi/inc/customizer.php' (include_path='.;C:\php\pear') in C:\wamp64\www\cetesi\wp-content\themes\cetesi\functions.php:353
Stack trace:
#0 C:\wamp64\www\cetesi\wp-settings.php(695): include()
#1 C:\wamp64\www\cetesi\wp-config.php(40): require_once('C:\\wamp64\\www\\c...')
#2 C:\wamp64\www\cetesi\wp-load.php(50): require_once('C:\\wamp64\\www\\c...')
#3 C:\wamp64\www\cetesi\wp-admin\admin.php(35): require_once('C:\\wamp64\\www\\c...')
#4 C:\wamp64\www\cetesi\wp-admin\themes.php(10): require_once('C:\\wamp64\\www\\c...')
#5 {main}
  thrown in C:\wamp64\www\cetesi\wp-content\themes\cetesi\functions.php on line 353
[16-Sep-2025 03:19:05 UTC] PHP Warning:  require_once(C:\wamp64\www\cetesi/wp-content/themes/cetesi/inc/customizer.php): Failed to open stream: No such file or directory in C:\wamp64\www\cetesi\wp-content\themes\cetesi\functions.php on line 353
[16-Sep-2025 03:19:05 UTC] PHP Stack trace:
[16-Sep-2025 03:19:05 UTC] PHP   1. {main}() C:\wamp64\www\cetesi\wp-admin\index.php:0
[16-Sep-2025 03:19:05 UTC] PHP   2. require_once() C:\wamp64\www\cetesi\wp-admin\index.php:10
[16-Sep-2025 03:19:05 UTC] PHP   3. require_once() C:\wamp64\www\cetesi\wp-admin\admin.php:35
[16-Sep-2025 03:19:05 UTC] PHP   4. require_once() C:\wamp64\www\cetesi\wp-load.php:50
[16-Sep-2025 03:19:05 UTC] PHP   5. require_once() C:\wamp64\www\cetesi\wp-config.php:40
[16-Sep-2025 03:19:05 UTC] PHP   6. include() C:\wamp64\www\cetesi\wp-settings.php:695
[16-Sep-2025 03:19:05 UTC] PHP Fatal error:  Uncaught Error: Failed opening required 'C:\wamp64\www\cetesi/wp-content/themes/cetesi/inc/customizer.php' (include_path='.;C:\php\pear') in C:\wamp64\www\cetesi\wp-content\themes\cetesi\functions.php:353
Stack trace:
#0 C:\wamp64\www\cetesi\wp-settings.php(695): include()
#1 C:\wamp64\www\cetesi\wp-config.php(40): require_once('C:\\wamp64\\www\\c...')
#2 C:\wamp64\www\cetesi\wp-load.php(50): require_once('C:\\wamp64\\www\\c...')
#3 C:\wamp64\www\cetesi\wp-admin\admin.php(35): require_once('C:\\wamp64\\www\\c...')
#4 C:\wamp64\www\cetesi\wp-admin\index.php(10): require_once('C:\\wamp64\\www\\c...')
#5 {main}
  thrown in C:\wamp64\www\cetesi\wp-content\themes\cetesi\functions.php on line 353
[16-Sep-2025 03:22:21 UTC] PHP Fatal error:  Cannot redeclare cetesi_search_form() (previously declared in C:\wamp64\www\cetesi\wp-content\themes\cetesi\inc\template-functions.php:237) in C:\wamp64\www\cetesi\wp-content\themes\cetesi\inc\template-tags.php on line 251
[16-Sep-2025 03:22:21 UTC] PHP Stack trace:
[16-Sep-2025 03:22:21 UTC] PHP   1. {main}() C:\wamp64\www\cetesi\wp-admin\index.php:0
[16-Sep-2025 03:22:21 UTC] PHP   2. require_once() C:\wamp64\www\cetesi\wp-admin\index.php:10
[16-Sep-2025 03:22:21 UTC] PHP   3. require_once() C:\wamp64\www\cetesi\wp-admin\admin.php:35
[16-Sep-2025 03:22:21 UTC] PHP   4. require_once() C:\wamp64\www\cetesi\wp-load.php:50
[16-Sep-2025 03:22:21 UTC] PHP   5. require_once() C:\wamp64\www\cetesi\wp-config.php:40
[16-Sep-2025 03:22:21 UTC] PHP   6. include() C:\wamp64\www\cetesi\wp-settings.php:695
[16-Sep-2025 03:22:37 UTC] PHP Fatal error:  Cannot redeclare cetesi_search_form() (previously declared in C:\wamp64\www\cetesi\wp-content\themes\cetesi\inc\template-functions.php:237) in C:\wamp64\www\cetesi\wp-content\themes\cetesi\inc\template-tags.php on line 251
[16-Sep-2025 03:22:37 UTC] PHP Stack trace:
[16-Sep-2025 03:22:37 UTC] PHP   1. {main}() C:\wamp64\www\cetesi\wp-admin\index.php:0
[16-Sep-2025 03:22:37 UTC] PHP   2. require_once() C:\wamp64\www\cetesi\wp-admin\index.php:10
[16-Sep-2025 03:22:37 UTC] PHP   3. require_once() C:\wamp64\www\cetesi\wp-admin\admin.php:35
[16-Sep-2025 03:22:37 UTC] PHP   4. require_once() C:\wamp64\www\cetesi\wp-load.php:50
[16-Sep-2025 03:22:37 UTC] PHP   5. require_once() C:\wamp64\www\cetesi\wp-config.php:40
[16-Sep-2025 03:22:37 UTC] PHP   6. include() C:\wamp64\www\cetesi\wp-settings.php:695
[16-Sep-2025 03:22:38 UTC] PHP Fatal error:  Cannot redeclare cetesi_search_form() (previously declared in C:\wamp64\www\cetesi\wp-content\themes\cetesi\inc\template-functions.php:237) in C:\wamp64\www\cetesi\wp-content\themes\cetesi\inc\template-tags.php on line 251
[16-Sep-2025 03:22:38 UTC] PHP Stack trace:
[16-Sep-2025 03:22:38 UTC] PHP   1. {main}() C:\wamp64\www\cetesi\wp-admin\index.php:0
[16-Sep-2025 03:22:38 UTC] PHP   2. require_once() C:\wamp64\www\cetesi\wp-admin\index.php:10
[16-Sep-2025 03:22:38 UTC] PHP   3. require_once() C:\wamp64\www\cetesi\wp-admin\admin.php:35
[16-Sep-2025 03:22:38 UTC] PHP   4. require_once() C:\wamp64\www\cetesi\wp-load.php:50
[16-Sep-2025 03:22:38 UTC] PHP   5. require_once() C:\wamp64\www\cetesi\wp-config.php:40
[16-Sep-2025 03:22:38 UTC] PHP   6. include() C:\wamp64\www\cetesi\wp-settings.php:695
[16-Sep-2025 03:22:40 UTC] PHP Fatal error:  Cannot redeclare cetesi_search_form() (previously declared in C:\wamp64\www\cetesi\wp-content\themes\cetesi\inc\template-functions.php:237) in C:\wamp64\www\cetesi\wp-content\themes\cetesi\inc\template-tags.php on line 251
[16-Sep-2025 03:22:40 UTC] PHP Stack trace:
[16-Sep-2025 03:22:40 UTC] PHP   1. {main}() C:\wamp64\www\cetesi\wp-admin\index.php:0
[16-Sep-2025 03:22:40 UTC] PHP   2. require_once() C:\wamp64\www\cetesi\wp-admin\index.php:10
[16-Sep-2025 03:22:40 UTC] PHP   3. require_once() C:\wamp64\www\cetesi\wp-admin\admin.php:35
[16-Sep-2025 03:22:40 UTC] PHP   4. require_once() C:\wamp64\www\cetesi\wp-load.php:50
[16-Sep-2025 03:22:40 UTC] PHP   5. require_once() C:\wamp64\www\cetesi\wp-config.php:40
[16-Sep-2025 03:22:40 UTC] PHP   6. include() C:\wamp64\www\cetesi\wp-settings.php:695
[16-Sep-2025 03:22:41 UTC] PHP Fatal error:  Cannot redeclare cetesi_search_form() (previously declared in C:\wamp64\www\cetesi\wp-content\themes\cetesi\inc\template-functions.php:237) in C:\wamp64\www\cetesi\wp-content\themes\cetesi\inc\template-tags.php on line 251
[16-Sep-2025 03:22:41 UTC] PHP Stack trace:
[16-Sep-2025 03:22:41 UTC] PHP   1. {main}() C:\wamp64\www\cetesi\wp-admin\index.php:0
[16-Sep-2025 03:22:41 UTC] PHP   2. require_once() C:\wamp64\www\cetesi\wp-admin\index.php:10
[16-Sep-2025 03:22:41 UTC] PHP   3. require_once() C:\wamp64\www\cetesi\wp-admin\admin.php:35
[16-Sep-2025 03:22:41 UTC] PHP   4. require_once() C:\wamp64\www\cetesi\wp-load.php:50
[16-Sep-2025 03:22:41 UTC] PHP   5. require_once() C:\wamp64\www\cetesi\wp-config.php:40
[16-Sep-2025 03:22:41 UTC] PHP   6. include() C:\wamp64\www\cetesi\wp-settings.php:695
[16-Sep-2025 03:22:46 UTC] PHP Fatal error:  Cannot redeclare cetesi_search_form() (previously declared in C:\wamp64\www\cetesi\wp-content\themes\cetesi\inc\template-functions.php:237) in C:\wamp64\www\cetesi\wp-content\themes\cetesi\inc\template-tags.php on line 251
[16-Sep-2025 03:22:46 UTC] PHP Stack trace:
[16-Sep-2025 03:22:46 UTC] PHP   1. {main}() C:\wamp64\www\cetesi\wp-admin\index.php:0
[16-Sep-2025 03:22:46 UTC] PHP   2. require_once() C:\wamp64\www\cetesi\wp-admin\index.php:10
[16-Sep-2025 03:22:46 UTC] PHP   3. require_once() C:\wamp64\www\cetesi\wp-admin\admin.php:35
[16-Sep-2025 03:22:46 UTC] PHP   4. require_once() C:\wamp64\www\cetesi\wp-load.php:50
[16-Sep-2025 03:22:46 UTC] PHP   5. require_once() C:\wamp64\www\cetesi\wp-config.php:40
[16-Sep-2025 03:22:46 UTC] PHP   6. include() C:\wamp64\www\cetesi\wp-settings.php:695
[16-Sep-2025 03:22:51 UTC] PHP Fatal error:  Cannot redeclare cetesi_search_form() (previously declared in C:\wamp64\www\cetesi\wp-content\themes\cetesi\inc\template-functions.php:237) in C:\wamp64\www\cetesi\wp-content\themes\cetesi\inc\template-tags.php on line 251
[16-Sep-2025 03:22:51 UTC] PHP Stack trace:
[16-Sep-2025 03:22:51 UTC] PHP   1. {main}() C:\wamp64\www\cetesi\wp-admin\index.php:0
[16-Sep-2025 03:22:51 UTC] PHP   2. require_once() C:\wamp64\www\cetesi\wp-admin\index.php:10
[16-Sep-2025 03:22:51 UTC] PHP   3. require_once() C:\wamp64\www\cetesi\wp-admin\admin.php:35
[16-Sep-2025 03:22:51 UTC] PHP   4. require_once() C:\wamp64\www\cetesi\wp-load.php:50
[16-Sep-2025 03:22:51 UTC] PHP   5. require_once() C:\wamp64\www\cetesi\wp-config.php:40
[16-Sep-2025 03:22:51 UTC] PHP   6. include() C:\wamp64\www\cetesi\wp-settings.php:695
[16-Sep-2025 03:23:19 UTC] PHP Fatal error:  Cannot redeclare cetesi_author_info() (previously declared in C:\wamp64\www\cetesi\wp-content\themes\cetesi\inc\template-functions.php:91) in C:\wamp64\www\cetesi\wp-content\themes\cetesi\inc\template-tags.php on line 344
[16-Sep-2025 03:23:19 UTC] PHP Stack trace:
[16-Sep-2025 03:23:19 UTC] PHP   1. {main}() C:\wamp64\www\cetesi\wp-admin\index.php:0
[16-Sep-2025 03:23:19 UTC] PHP   2. require_once() C:\wamp64\www\cetesi\wp-admin\index.php:10
[16-Sep-2025 03:23:19 UTC] PHP   3. require_once() C:\wamp64\www\cetesi\wp-admin\admin.php:35
[16-Sep-2025 03:23:19 UTC] PHP   4. require_once() C:\wamp64\www\cetesi\wp-load.php:50
[16-Sep-2025 03:23:19 UTC] PHP   5. require_once() C:\wamp64\www\cetesi\wp-config.php:40
[16-Sep-2025 03:23:19 UTC] PHP   6. include() C:\wamp64\www\cetesi\wp-settings.php:695
[16-Sep-2025 17:55:54 UTC] Automatic updates starting...
[16-Sep-2025 17:55:56 UTC] Automatic updates complete.
[17-Sep-2025 02:08:28 UTC] Erro de evento de reagendamento do cron para o gancho: wp_privacy_delete_old_export_files, código de erro: could_not_set, mensagem de erro: Não foi possível salvar a lista de evento do cron, dados: {"schedule":"hourly","args":[],"interval":3600}
[17-Sep-2025 13:28:49 UTC] Automatic updates starting...
[17-Sep-2025 13:28:51 UTC] Automatic updates complete.
[17-Sep-2025 13:38:59 UTC] PHP Warning:  Cannot modify header information - headers already sent by (output started at C:\wamp64\www\cetesi\wp-includes\script-loader.php:3015) in C:\wamp64\www\cetesi\wp-includes\pluggable.php on line 1450
[17-Sep-2025 13:38:59 UTC] PHP Stack trace:
[17-Sep-2025 13:38:59 UTC] PHP   1. {main}() C:\wamp64\www\cetesi\wp-admin\admin.php:0
[17-Sep-2025 13:38:59 UTC] PHP   2. do_action($hook_name = 'cursos_page_criar-curso-personalizado') C:\wamp64\www\cetesi\wp-admin\admin.php:260
[17-Sep-2025 13:38:59 UTC] PHP   3. WP_Hook->do_action($args = [0 => '']) C:\wamp64\www\cetesi\wp-includes\plugin.php:517
[17-Sep-2025 13:38:59 UTC] PHP   4. WP_Hook->apply_filters($value = '', $args = [0 => '']) C:\wamp64\www\cetesi\wp-includes\class-wp-hook.php:348
[17-Sep-2025 13:38:59 UTC] PHP   5. cetesi_custom_course_page_callback('') C:\wamp64\www\cetesi\wp-includes\class-wp-hook.php:324
[17-Sep-2025 13:38:59 UTC] PHP   6. cetesi_process_custom_course_creation() C:\wamp64\www\cetesi\wp-content\themes\cetesi\inc\courses-create.php:20
[17-Sep-2025 13:38:59 UTC] PHP   7. wp_redirect($location = 'http://192.168.100.12/wp-admin/admin.php?page=cetesi-courses-management&course_created=1&course_name=teste', $status = *uninitialized*, $x_redirect_by = *uninitialized*) C:\wamp64\www\cetesi\wp-content\themes\cetesi\inc\courses-create.php:574
[17-Sep-2025 13:38:59 UTC] PHP   8. header($header = 'X-Redirect-By: WordPress') C:\wamp64\www\cetesi\wp-includes\pluggable.php:1450
[17-Sep-2025 13:38:59 UTC] PHP Warning:  Cannot modify header information - headers already sent by (output started at C:\wamp64\www\cetesi\wp-includes\script-loader.php:3015) in C:\wamp64\www\cetesi\wp-includes\pluggable.php on line 1453
[17-Sep-2025 13:38:59 UTC] PHP Stack trace:
[17-Sep-2025 13:38:59 UTC] PHP   1. {main}() C:\wamp64\www\cetesi\wp-admin\admin.php:0
[17-Sep-2025 13:38:59 UTC] PHP   2. do_action($hook_name = 'cursos_page_criar-curso-personalizado') C:\wamp64\www\cetesi\wp-admin\admin.php:260
[17-Sep-2025 13:38:59 UTC] PHP   3. WP_Hook->do_action($args = [0 => '']) C:\wamp64\www\cetesi\wp-includes\plugin.php:517
[17-Sep-2025 13:38:59 UTC] PHP   4. WP_Hook->apply_filters($value = '', $args = [0 => '']) C:\wamp64\www\cetesi\wp-includes\class-wp-hook.php:348
[17-Sep-2025 13:38:59 UTC] PHP   5. cetesi_custom_course_page_callback('') C:\wamp64\www\cetesi\wp-includes\class-wp-hook.php:324
[17-Sep-2025 13:38:59 UTC] PHP   6. cetesi_process_custom_course_creation() C:\wamp64\www\cetesi\wp-content\themes\cetesi\inc\courses-create.php:20
[17-Sep-2025 13:38:59 UTC] PHP   7. wp_redirect($location = 'http://192.168.100.12/wp-admin/admin.php?page=cetesi-courses-management&course_created=1&course_name=teste', $status = *uninitialized*, $x_redirect_by = *uninitialized*) C:\wamp64\www\cetesi\wp-content\themes\cetesi\inc\courses-create.php:574
[17-Sep-2025 13:38:59 UTC] PHP   8. header($header = 'Location: http://192.168.100.12/wp-admin/admin.php?page=cetesi-courses-management&course_created=1&course_name=teste', $replace = TRUE, $response_code = 302) C:\wamp64\www\cetesi\wp-includes\pluggable.php:1453
[17-Sep-2025 13:40:27 UTC] PHP Warning:  Cannot modify header information - headers already sent by (output started at C:\wamp64\www\cetesi\wp-includes\script-loader.php:3015) in C:\wamp64\www\cetesi\wp-includes\pluggable.php on line 1450
[17-Sep-2025 13:40:27 UTC] PHP Stack trace:
[17-Sep-2025 13:40:27 UTC] PHP   1. {main}() C:\wamp64\www\cetesi\wp-admin\admin.php:0
[17-Sep-2025 13:40:27 UTC] PHP   2. do_action($hook_name = 'toplevel_page_cetesi-courses-management') C:\wamp64\www\cetesi\wp-admin\admin.php:260
[17-Sep-2025 13:40:27 UTC] PHP   3. WP_Hook->do_action($args = [0 => '']) C:\wamp64\www\cetesi\wp-includes\plugin.php:517
[17-Sep-2025 13:40:27 UTC] PHP   4. WP_Hook->apply_filters($value = '', $args = [0 => '']) C:\wamp64\www\cetesi\wp-includes\class-wp-hook.php:348
[17-Sep-2025 13:40:27 UTC] PHP   5. cetesi_courses_management_page('') C:\wamp64\www\cetesi\wp-includes\class-wp-hook.php:324
[17-Sep-2025 13:40:27 UTC] PHP   6. cetesi_process_bulk_delete_javascript() C:\wamp64\www\cetesi\wp-content\themes\cetesi\inc\courses-admin.php:134
[17-Sep-2025 13:40:27 UTC] PHP   7. wp_redirect($location = 'http://192.168.100.12/wp-admin/admin.php?page=cetesi-courses-management&bulk_deleted=1', $status = *uninitialized*, $x_redirect_by = *uninitialized*) C:\wamp64\www\cetesi\wp-content\themes\cetesi\inc\courses-admin.php:390
[17-Sep-2025 13:40:27 UTC] PHP   8. header($header = 'X-Redirect-By: WordPress') C:\wamp64\www\cetesi\wp-includes\pluggable.php:1450
[17-Sep-2025 13:40:27 UTC] PHP Warning:  Cannot modify header information - headers already sent by (output started at C:\wamp64\www\cetesi\wp-includes\script-loader.php:3015) in C:\wamp64\www\cetesi\wp-includes\pluggable.php on line 1453
[17-Sep-2025 13:40:27 UTC] PHP Stack trace:
[17-Sep-2025 13:40:27 UTC] PHP   1. {main}() C:\wamp64\www\cetesi\wp-admin\admin.php:0
[17-Sep-2025 13:40:27 UTC] PHP   2. do_action($hook_name = 'toplevel_page_cetesi-courses-management') C:\wamp64\www\cetesi\wp-admin\admin.php:260
[17-Sep-2025 13:40:27 UTC] PHP   3. WP_Hook->do_action($args = [0 => '']) C:\wamp64\www\cetesi\wp-includes\plugin.php:517
[17-Sep-2025 13:40:27 UTC] PHP   4. WP_Hook->apply_filters($value = '', $args = [0 => '']) C:\wamp64\www\cetesi\wp-includes\class-wp-hook.php:348
[17-Sep-2025 13:40:27 UTC] PHP   5. cetesi_courses_management_page('') C:\wamp64\www\cetesi\wp-includes\class-wp-hook.php:324
[17-Sep-2025 13:40:27 UTC] PHP   6. cetesi_process_bulk_delete_javascript() C:\wamp64\www\cetesi\wp-content\themes\cetesi\inc\courses-admin.php:134
[17-Sep-2025 13:40:27 UTC] PHP   7. wp_redirect($location = 'http://192.168.100.12/wp-admin/admin.php?page=cetesi-courses-management&bulk_deleted=1', $status = *uninitialized*, $x_redirect_by = *uninitialized*) C:\wamp64\www\cetesi\wp-content\themes\cetesi\inc\courses-admin.php:390
[17-Sep-2025 13:40:27 UTC] PHP   8. header($header = 'Location: http://192.168.100.12/wp-admin/admin.php?page=cetesi-courses-management&bulk_deleted=1', $replace = TRUE, $response_code = 302) C:\wamp64\www\cetesi\wp-includes\pluggable.php:1453
[17-Sep-2025 13:43:00 UTC] PHP Warning:  Cannot modify header information - headers already sent by (output started at C:\wamp64\www\cetesi\wp-includes\script-loader.php:3015) in C:\wamp64\www\cetesi\wp-includes\pluggable.php on line 1450
[17-Sep-2025 13:43:00 UTC] PHP Stack trace:
[17-Sep-2025 13:43:00 UTC] PHP   1. {main}() C:\wamp64\www\cetesi\wp-admin\admin.php:0
[17-Sep-2025 13:43:00 UTC] PHP   2. do_action($hook_name = 'cursos_page_criar-curso-personalizado') C:\wamp64\www\cetesi\wp-admin\admin.php:260
[17-Sep-2025 13:43:00 UTC] PHP   3. WP_Hook->do_action($args = [0 => '']) C:\wamp64\www\cetesi\wp-includes\plugin.php:517
[17-Sep-2025 13:43:00 UTC] PHP   4. WP_Hook->apply_filters($value = '', $args = [0 => '']) C:\wamp64\www\cetesi\wp-includes\class-wp-hook.php:348
[17-Sep-2025 13:43:00 UTC] PHP   5. cetesi_custom_course_page_callback('') C:\wamp64\www\cetesi\wp-includes\class-wp-hook.php:324
[17-Sep-2025 13:43:00 UTC] PHP   6. cetesi_process_custom_course_creation() C:\wamp64\www\cetesi\wp-content\themes\cetesi\inc\courses-create.php:20
[17-Sep-2025 13:43:00 UTC] PHP   7. wp_redirect($location = 'http://192.168.100.12/wp-admin/admin.php?page=cetesi-courses-management&course_created=1&course_name=teste+2', $status = *uninitialized*, $x_redirect_by = *uninitialized*) C:\wamp64\www\cetesi\wp-content\themes\cetesi\inc\courses-create.php:575
[17-Sep-2025 13:43:00 UTC] PHP   8. header($header = 'X-Redirect-By: WordPress') C:\wamp64\www\cetesi\wp-includes\pluggable.php:1450
[17-Sep-2025 13:43:00 UTC] PHP Warning:  Cannot modify header information - headers already sent by (output started at C:\wamp64\www\cetesi\wp-includes\script-loader.php:3015) in C:\wamp64\www\cetesi\wp-includes\pluggable.php on line 1453
[17-Sep-2025 13:43:00 UTC] PHP Stack trace:
[17-Sep-2025 13:43:00 UTC] PHP   1. {main}() C:\wamp64\www\cetesi\wp-admin\admin.php:0
[17-Sep-2025 13:43:00 UTC] PHP   2. do_action($hook_name = 'cursos_page_criar-curso-personalizado') C:\wamp64\www\cetesi\wp-admin\admin.php:260
[17-Sep-2025 13:43:00 UTC] PHP   3. WP_Hook->do_action($args = [0 => '']) C:\wamp64\www\cetesi\wp-includes\plugin.php:517
[17-Sep-2025 13:43:00 UTC] PHP   4. WP_Hook->apply_filters($value = '', $args = [0 => '']) C:\wamp64\www\cetesi\wp-includes\class-wp-hook.php:348
[17-Sep-2025 13:43:00 UTC] PHP   5. cetesi_custom_course_page_callback('') C:\wamp64\www\cetesi\wp-includes\class-wp-hook.php:324
[17-Sep-2025 13:43:00 UTC] PHP   6. cetesi_process_custom_course_creation() C:\wamp64\www\cetesi\wp-content\themes\cetesi\inc\courses-create.php:20
[17-Sep-2025 13:43:00 UTC] PHP   7. wp_redirect($location = 'http://192.168.100.12/wp-admin/admin.php?page=cetesi-courses-management&course_created=1&course_name=teste+2', $status = *uninitialized*, $x_redirect_by = *uninitialized*) C:\wamp64\www\cetesi\wp-content\themes\cetesi\inc\courses-create.php:575
[17-Sep-2025 13:43:00 UTC] PHP   8. header($header = 'Location: http://192.168.100.12/wp-admin/admin.php?page=cetesi-courses-management&course_created=1&course_name=teste+2', $replace = TRUE, $response_code = 302) C:\wamp64\www\cetesi\wp-includes\pluggable.php:1453
[17-Sep-2025 13:43:22 UTC] PHP Warning:  Cannot modify header information - headers already sent by (output started at C:\wamp64\www\cetesi\wp-includes\script-loader.php:3015) in C:\wamp64\www\cetesi\wp-includes\pluggable.php on line 1450
[17-Sep-2025 13:43:22 UTC] PHP Stack trace:
[17-Sep-2025 13:43:22 UTC] PHP   1. {main}() C:\wamp64\www\cetesi\wp-admin\admin.php:0
[17-Sep-2025 13:43:22 UTC] PHP   2. do_action($hook_name = 'toplevel_page_cetesi-courses-management') C:\wamp64\www\cetesi\wp-admin\admin.php:260
[17-Sep-2025 13:43:22 UTC] PHP   3. WP_Hook->do_action($args = [0 => '']) C:\wamp64\www\cetesi\wp-includes\plugin.php:517
[17-Sep-2025 13:43:22 UTC] PHP   4. WP_Hook->apply_filters($value = '', $args = [0 => '']) C:\wamp64\www\cetesi\wp-includes\class-wp-hook.php:348
[17-Sep-2025 13:43:22 UTC] PHP   5. cetesi_courses_management_page('') C:\wamp64\www\cetesi\wp-includes\class-wp-hook.php:324
[17-Sep-2025 13:43:22 UTC] PHP   6. cetesi_process_course_action() C:\wamp64\www\cetesi\wp-content\themes\cetesi\inc\courses-admin.php:124
[17-Sep-2025 13:43:22 UTC] PHP   7. wp_redirect($location = 'http://192.168.100.12/wp-admin/admin.php?page=cetesi-courses-management&course_deleted=1', $status = *uninitialized*, $x_redirect_by = *uninitialized*) C:\wamp64\www\cetesi\wp-content\themes\cetesi\inc\courses-admin.php:341
[17-Sep-2025 13:43:22 UTC] PHP   8. header($header = 'X-Redirect-By: WordPress') C:\wamp64\www\cetesi\wp-includes\pluggable.php:1450
[17-Sep-2025 13:43:22 UTC] PHP Warning:  Cannot modify header information - headers already sent by (output started at C:\wamp64\www\cetesi\wp-includes\script-loader.php:3015) in C:\wamp64\www\cetesi\wp-includes\pluggable.php on line 1453
[17-Sep-2025 13:43:22 UTC] PHP Stack trace:
[17-Sep-2025 13:43:22 UTC] PHP   1. {main}() C:\wamp64\www\cetesi\wp-admin\admin.php:0
[17-Sep-2025 13:43:22 UTC] PHP   2. do_action($hook_name = 'toplevel_page_cetesi-courses-management') C:\wamp64\www\cetesi\wp-admin\admin.php:260
[17-Sep-2025 13:43:22 UTC] PHP   3. WP_Hook->do_action($args = [0 => '']) C:\wamp64\www\cetesi\wp-includes\plugin.php:517
[17-Sep-2025 13:43:22 UTC] PHP   4. WP_Hook->apply_filters($value = '', $args = [0 => '']) C:\wamp64\www\cetesi\wp-includes\class-wp-hook.php:348
[17-Sep-2025 13:43:22 UTC] PHP   5. cetesi_courses_management_page('') C:\wamp64\www\cetesi\wp-includes\class-wp-hook.php:324
[17-Sep-2025 13:43:22 UTC] PHP   6. cetesi_process_course_action() C:\wamp64\www\cetesi\wp-content\themes\cetesi\inc\courses-admin.php:124
[17-Sep-2025 13:43:22 UTC] PHP   7. wp_redirect($location = 'http://192.168.100.12/wp-admin/admin.php?page=cetesi-courses-management&course_deleted=1', $status = *uninitialized*, $x_redirect_by = *uninitialized*) C:\wamp64\www\cetesi\wp-content\themes\cetesi\inc\courses-admin.php:341
[17-Sep-2025 13:43:22 UTC] PHP   8. header($header = 'Location: http://192.168.100.12/wp-admin/admin.php?page=cetesi-courses-management&course_deleted=1', $replace = TRUE, $response_code = 302) C:\wamp64\www\cetesi\wp-includes\pluggable.php:1453
[17-Sep-2025 13:43:51 UTC] PHP Warning:  Cannot modify header information - headers already sent by (output started at C:\wamp64\www\cetesi\wp-includes\script-loader.php:3015) in C:\wamp64\www\cetesi\wp-includes\pluggable.php on line 1450
[17-Sep-2025 13:43:51 UTC] PHP Stack trace:
[17-Sep-2025 13:43:51 UTC] PHP   1. {main}() C:\wamp64\www\cetesi\wp-admin\admin.php:0
[17-Sep-2025 13:43:51 UTC] PHP   2. do_action($hook_name = 'cursos_page_criar-curso-personalizado') C:\wamp64\www\cetesi\wp-admin\admin.php:260
[17-Sep-2025 13:43:51 UTC] PHP   3. WP_Hook->do_action($args = [0 => '']) C:\wamp64\www\cetesi\wp-includes\plugin.php:517
[17-Sep-2025 13:43:51 UTC] PHP   4. WP_Hook->apply_filters($value = '', $args = [0 => '']) C:\wamp64\www\cetesi\wp-includes\class-wp-hook.php:348
[17-Sep-2025 13:43:51 UTC] PHP   5. cetesi_custom_course_page_callback('') C:\wamp64\www\cetesi\wp-includes\class-wp-hook.php:324
[17-Sep-2025 13:43:51 UTC] PHP   6. cetesi_process_custom_course_creation() C:\wamp64\www\cetesi\wp-content\themes\cetesi\inc\courses-create.php:20
[17-Sep-2025 13:43:51 UTC] PHP   7. wp_redirect($location = 'http://192.168.100.12/wp-admin/admin.php?page=cetesi-courses-management&course_created=1&course_name=ffff', $status = *uninitialized*, $x_redirect_by = *uninitialized*) C:\wamp64\www\cetesi\wp-content\themes\cetesi\inc\courses-create.php:575
[17-Sep-2025 13:43:51 UTC] PHP   8. header($header = 'X-Redirect-By: WordPress') C:\wamp64\www\cetesi\wp-includes\pluggable.php:1450
[17-Sep-2025 13:43:51 UTC] PHP Warning:  Cannot modify header information - headers already sent by (output started at C:\wamp64\www\cetesi\wp-includes\script-loader.php:3015) in C:\wamp64\www\cetesi\wp-includes\pluggable.php on line 1453
[17-Sep-2025 13:43:51 UTC] PHP Stack trace:
[17-Sep-2025 13:43:51 UTC] PHP   1. {main}() C:\wamp64\www\cetesi\wp-admin\admin.php:0
[17-Sep-2025 13:43:51 UTC] PHP   2. do_action($hook_name = 'cursos_page_criar-curso-personalizado') C:\wamp64\www\cetesi\wp-admin\admin.php:260
[17-Sep-2025 13:43:51 UTC] PHP   3. WP_Hook->do_action($args = [0 => '']) C:\wamp64\www\cetesi\wp-includes\plugin.php:517
[17-Sep-2025 13:43:51 UTC] PHP   4. WP_Hook->apply_filters($value = '', $args = [0 => '']) C:\wamp64\www\cetesi\wp-includes\class-wp-hook.php:348
[17-Sep-2025 13:43:51 UTC] PHP   5. cetesi_custom_course_page_callback('') C:\wamp64\www\cetesi\wp-includes\class-wp-hook.php:324
[17-Sep-2025 13:43:51 UTC] PHP   6. cetesi_process_custom_course_creation() C:\wamp64\www\cetesi\wp-content\themes\cetesi\inc\courses-create.php:20
[17-Sep-2025 13:43:51 UTC] PHP   7. wp_redirect($location = 'http://192.168.100.12/wp-admin/admin.php?page=cetesi-courses-management&course_created=1&course_name=ffff', $status = *uninitialized*, $x_redirect_by = *uninitialized*) C:\wamp64\www\cetesi\wp-content\themes\cetesi\inc\courses-create.php:575
[17-Sep-2025 13:43:51 UTC] PHP   8. header($header = 'Location: http://192.168.100.12/wp-admin/admin.php?page=cetesi-courses-management&course_created=1&course_name=ffff', $replace = TRUE, $response_code = 302) C:\wamp64\www\cetesi\wp-includes\pluggable.php:1453
[17-Sep-2025 13:50:44 UTC] PHP Fatal error:  Uncaught Error: Call to undefined function cetesi_get_dynamic_courses() in C:\wamp64\www\cetesi\wp-content\themes\cetesi\page-cursos.php:71
Stack trace:
#0 C:\wamp64\www\cetesi\wp-includes\template-loader.php(106): include()
#1 C:\wamp64\www\cetesi\wp-blog-header.php(19): require_once('C:\\wamp64\\www\\c...')
#2 C:\wamp64\www\cetesi\index.php(17): require('C:\\wamp64\\www\\c...')
#3 {main}
  thrown in C:\wamp64\www\cetesi\wp-content\themes\cetesi\page-cursos.php on line 71
[17-Sep-2025 13:51:07 UTC] PHP Fatal error:  Uncaught Error: Call to undefined function cetesi_get_dynamic_courses() in C:\wamp64\www\cetesi\wp-content\themes\cetesi\page-cursos.php:71
Stack trace:
#0 C:\wamp64\www\cetesi\wp-includes\template-loader.php(106): include()
#1 C:\wamp64\www\cetesi\wp-blog-header.php(19): require_once('C:\\wamp64\\www\\c...')
#2 C:\wamp64\www\cetesi\index.php(17): require('C:\\wamp64\\www\\c...')
#3 {main}
  thrown in C:\wamp64\www\cetesi\wp-content\themes\cetesi\page-cursos.php on line 71
[17-Sep-2025 14:01:17 UTC] PHP Warning:  Attempt to read property "name" on array in C:\wamp64\www\cetesi\wp-content\themes\cetesi\inc\header-functions.php on line 176
[17-Sep-2025 14:01:17 UTC] PHP Stack trace:
[17-Sep-2025 14:01:17 UTC] PHP   1. {main}() C:\wamp64\www\cetesi\index.php:0
[17-Sep-2025 14:01:17 UTC] PHP   2. require() C:\wamp64\www\cetesi\index.php:17
[17-Sep-2025 14:01:17 UTC] PHP   3. require_once() C:\wamp64\www\cetesi\wp-blog-header.php:19
[17-Sep-2025 14:01:17 UTC] PHP   4. include() C:\wamp64\www\cetesi\wp-includes\template-loader.php:106
[17-Sep-2025 14:01:17 UTC] PHP   5. get_header($name = *uninitialized*, $args = *uninitialized*) C:\wamp64\www\cetesi\wp-content\themes\cetesi\single-curso.php:9
[17-Sep-2025 14:01:17 UTC] PHP   6. locate_template($template_names = [0 => 'header.php'], $load = TRUE, $load_once = TRUE, $args = []) C:\wamp64\www\cetesi\wp-includes\general-template.php:48
[17-Sep-2025 14:01:17 UTC] PHP   7. load_template($_template_file = 'C:\\wamp64\\www\\cetesi/wp-content/themes/cetesi/header.php', $load_once = TRUE, $args = []) C:\wamp64\www\cetesi\wp-includes\template.php:745
[17-Sep-2025 14:01:17 UTC] PHP   8. require_once() C:\wamp64\www\cetesi\wp-includes\template.php:810
[17-Sep-2025 14:01:17 UTC] PHP   9. cetesi_header_meta_tags() C:\wamp64\www\cetesi\wp-content\themes\cetesi\header.php:22
[17-Sep-2025 14:01:17 UTC] PHP Warning:  Attempt to read property "name" on array in C:\wamp64\www\cetesi\wp-content\themes\cetesi\inc\header-functions.php on line 176
[17-Sep-2025 14:01:17 UTC] PHP Stack trace:
[17-Sep-2025 14:01:17 UTC] PHP   1. {main}() C:\wamp64\www\cetesi\index.php:0
[17-Sep-2025 14:01:17 UTC] PHP   2. require() C:\wamp64\www\cetesi\index.php:17
[17-Sep-2025 14:01:17 UTC] PHP   3. require_once() C:\wamp64\www\cetesi\wp-blog-header.php:19
[17-Sep-2025 14:01:17 UTC] PHP   4. include() C:\wamp64\www\cetesi\wp-includes\template-loader.php:106
[17-Sep-2025 14:01:17 UTC] PHP   5. get_header($name = *uninitialized*, $args = *uninitialized*) C:\wamp64\www\cetesi\wp-content\themes\cetesi\single-curso.php:9
[17-Sep-2025 14:01:17 UTC] PHP   6. locate_template($template_names = [0 => 'header.php'], $load = TRUE, $load_once = TRUE, $args = []) C:\wamp64\www\cetesi\wp-includes\general-template.php:48
[17-Sep-2025 14:01:17 UTC] PHP   7. load_template($_template_file = 'C:\\wamp64\\www\\cetesi/wp-content/themes/cetesi/header.php', $load_once = TRUE, $args = []) C:\wamp64\www\cetesi\wp-includes\template.php:745
[17-Sep-2025 14:01:17 UTC] PHP   8. require_once() C:\wamp64\www\cetesi\wp-includes\template.php:810
[17-Sep-2025 14:01:17 UTC] PHP   9. cetesi_header_meta_tags() C:\wamp64\www\cetesi\wp-content\themes\cetesi\header.php:22
[17-Sep-2025 14:01:30 UTC] PHP Warning:  Attempt to read property "name" on array in C:\wamp64\www\cetesi\wp-content\themes\cetesi\inc\header-functions.php on line 176
[17-Sep-2025 14:01:30 UTC] PHP Stack trace:
[17-Sep-2025 14:01:30 UTC] PHP   1. {main}() C:\wamp64\www\cetesi\index.php:0
[17-Sep-2025 14:01:30 UTC] PHP   2. require() C:\wamp64\www\cetesi\index.php:17
[17-Sep-2025 14:01:30 UTC] PHP   3. require_once() C:\wamp64\www\cetesi\wp-blog-header.php:19
[17-Sep-2025 14:01:30 UTC] PHP   4. include() C:\wamp64\www\cetesi\wp-includes\template-loader.php:106
[17-Sep-2025 14:01:30 UTC] PHP   5. get_header($name = *uninitialized*, $args = *uninitialized*) C:\wamp64\www\cetesi\wp-content\themes\cetesi\single-curso.php:9
[17-Sep-2025 14:01:30 UTC] PHP   6. locate_template($template_names = [0 => 'header.php'], $load = TRUE, $load_once = TRUE, $args = []) C:\wamp64\www\cetesi\wp-includes\general-template.php:48
[17-Sep-2025 14:01:30 UTC] PHP   7. load_template($_template_file = 'C:\\wamp64\\www\\cetesi/wp-content/themes/cetesi/header.php', $load_once = TRUE, $args = []) C:\wamp64\www\cetesi\wp-includes\template.php:745
[17-Sep-2025 14:01:30 UTC] PHP   8. require_once() C:\wamp64\www\cetesi\wp-includes\template.php:810
[17-Sep-2025 14:01:30 UTC] PHP   9. cetesi_header_meta_tags() C:\wamp64\www\cetesi\wp-content\themes\cetesi\header.php:22
[17-Sep-2025 14:01:30 UTC] PHP Warning:  Attempt to read property "name" on array in C:\wamp64\www\cetesi\wp-content\themes\cetesi\inc\header-functions.php on line 176
[17-Sep-2025 14:01:30 UTC] PHP Stack trace:
[17-Sep-2025 14:01:30 UTC] PHP   1. {main}() C:\wamp64\www\cetesi\index.php:0
[17-Sep-2025 14:01:30 UTC] PHP   2. require() C:\wamp64\www\cetesi\index.php:17
[17-Sep-2025 14:01:30 UTC] PHP   3. require_once() C:\wamp64\www\cetesi\wp-blog-header.php:19
[17-Sep-2025 14:01:30 UTC] PHP   4. include() C:\wamp64\www\cetesi\wp-includes\template-loader.php:106
[17-Sep-2025 14:01:30 UTC] PHP   5. get_header($name = *uninitialized*, $args = *uninitialized*) C:\wamp64\www\cetesi\wp-content\themes\cetesi\single-curso.php:9
[17-Sep-2025 14:01:30 UTC] PHP   6. locate_template($template_names = [0 => 'header.php'], $load = TRUE, $load_once = TRUE, $args = []) C:\wamp64\www\cetesi\wp-includes\general-template.php:48
[17-Sep-2025 14:01:30 UTC] PHP   7. load_template($_template_file = 'C:\\wamp64\\www\\cetesi/wp-content/themes/cetesi/header.php', $load_once = TRUE, $args = []) C:\wamp64\www\cetesi\wp-includes\template.php:745
[17-Sep-2025 14:01:30 UTC] PHP   8. require_once() C:\wamp64\www\cetesi\wp-includes\template.php:810
[17-Sep-2025 14:01:30 UTC] PHP   9. cetesi_header_meta_tags() C:\wamp64\www\cetesi\wp-content\themes\cetesi\header.php:22
[17-Sep-2025 17:53:08 UTC] Automatic updates starting...
[17-Sep-2025 17:53:09 UTC] Automatic updates complete.
[18-Sep-2025 12:38:17 UTC] Automatic updates starting...
[18-Sep-2025 12:38:18 UTC] Automatic updates complete.
[18-Sep-2025 22:59:04 UTC] Automatic updates starting...
[18-Sep-2025 22:59:05 UTC] Automatic updates complete.
[19-Sep-2025 22:38:13 UTC] Automatic updates starting...
[19-Sep-2025 22:38:14 UTC] Automatic updates complete.
[22-Sep-2025 00:04:17 UTC] Automatic updates starting...
[22-Sep-2025 00:04:19 UTC] Automatic updates complete.
[22-Sep-2025 12:50:15 UTC] Automatic updates starting...
[22-Sep-2025 12:50:16 UTC] Automatic updates complete.
