2025-09-11 21:06:48 - post_modified: {"post_id":18,"post_title":"Rascunho autom\u00e1tico","post_type":"curso","user":"tsnowk","ip":"::1","timestamp":"2025-09-11 18:06:48"}
2025-09-11 21:07:49 - post_modified: {"post_id":18,"post_title":"Curso de teste","post_type":"curso","user":"tsnowk","ip":"::1","timestamp":"2025-09-11 18:07:49"}
2025-09-11 21:10:31 - post_modified: {"post_id":18,"post_title":"Curso de teste","post_type":"curso","user":"tsnowk","ip":"::1","timestamp":"2025-09-11 18:10:31"}
2025-09-11 21:10:36 - post_deleted: {"post_id":18,"post_title":"Curso de teste","post_type":"curso","user":"tsnowk","ip":"::1","timestamp":"2025-09-11 18:10:36"}
2025-09-11 21:10:38 - post_modified: {"post_id":19,"post_title":"Rascunho autom\u00e1tico","post_type":"curso","user":"tsnowk","ip":"::1","timestamp":"2025-09-11 18:10:38"}
2025-09-11 21:11:38 - post_modified: {"post_id":19,"post_title":"Curso de teste","post_type":"curso","user":"tsnowk","ip":"::1","timestamp":"2025-09-11 18:11:38"}
2025-09-11 21:12:09 - post_modified: {"post_id":19,"post_title":"Curso de teste","post_type":"curso","user":"tsnowk","ip":"::1","timestamp":"2025-09-11 18:12:09"}
2025-09-11 21:12:10 - post_modified: {"post_id":19,"post_title":"Curso de teste","post_type":"curso","user":"tsnowk","ip":"::1","timestamp":"2025-09-11 18:12:10"}
2025-09-11 21:16:15 - post_modified: {"post_id":20,"post_title":"Rascunho autom\u00e1tico","post_type":"curso","user":"tsnowk","ip":"::1","timestamp":"2025-09-11 18:16:15"}
2025-09-11 21:16:38 - post_modified: {"post_id":20,"post_title":"teste","post_type":"curso","user":"tsnowk","ip":"::1","timestamp":"2025-09-11 18:16:38"}
2025-09-11 21:16:38 - post_modified: {"post_id":20,"post_title":"teste","post_type":"curso","user":"tsnowk","ip":"::1","timestamp":"2025-09-11 18:16:38"}
2025-09-11 21:19:19 - post_modified: {"post_id":20,"post_title":"teste","post_type":"curso","user":"tsnowk","ip":"::1","timestamp":"2025-09-11 18:19:19"}
2025-09-11 21:19:19 - post_modified: {"post_id":20,"post_title":"teste","post_type":"curso","user":"tsnowk","ip":"::1","timestamp":"2025-09-11 18:19:19"}
2025-09-11 21:21:55 - post_modified: {"post_id":20,"post_title":"teste","post_type":"curso","user":"tsnowk","ip":"::1","timestamp":"2025-09-11 18:21:55"}
2025-09-11 21:21:56 - post_modified: {"post_id":20,"post_title":"teste","post_type":"curso","user":"tsnowk","ip":"::1","timestamp":"2025-09-11 18:21:56"}
2025-09-11 21:22:11 - post_modified: {"post_id":20,"post_title":"teste","post_type":"curso","user":"tsnowk","ip":"::1","timestamp":"2025-09-11 18:22:11"}
2025-09-11 21:22:12 - post_modified: {"post_id":20,"post_title":"teste","post_type":"curso","user":"tsnowk","ip":"::1","timestamp":"2025-09-11 18:22:12"}
2025-09-11 21:23:16 - post_modified: {"post_id":20,"post_title":"teste","post_type":"curso","user":"tsnowk","ip":"::1","timestamp":"2025-09-11 18:23:16"}
2025-09-11 21:23:16 - post_modified: {"post_id":20,"post_title":"teste","post_type":"curso","user":"tsnowk","ip":"::1","timestamp":"2025-09-11 18:23:16"}
2025-09-11 21:23:47 - post_modified: {"post_id":20,"post_title":"T\u00e9cnico em Inform\u00e1tica","post_type":"curso","user":"tsnowk","ip":"::1","timestamp":"2025-09-11 18:23:47"}
2025-09-11 21:23:48 - post_modified: {"post_id":20,"post_title":"T\u00e9cnico em Inform\u00e1tica","post_type":"curso","user":"tsnowk","ip":"::1","timestamp":"2025-09-11 18:23:48"}
2025-09-11 21:24:59 - post_modified: {"post_id":19,"post_title":"Curso de teste","post_type":"curso","user":"tsnowk","ip":"::1","timestamp":"2025-09-11 18:24:59"}
2025-09-11 21:25:08 - post_modified: {"post_id":20,"post_title":"T\u00e9cnico em Inform\u00e1tica","post_type":"curso","user":"tsnowk","ip":"::1","timestamp":"2025-09-11 18:25:08"}
2025-09-11 21:25:37 - post_modified: {"post_id":20,"post_title":"T\u00e9cnico em Inform\u00e1tica","post_type":"curso","user":"tsnowk","ip":"::1","timestamp":"2025-09-11 18:25:37"}
2025-09-11 21:25:40 - post_modified: {"post_id":19,"post_title":"Curso de teste","post_type":"curso","user":"tsnowk","ip":"::1","timestamp":"2025-09-11 18:25:40"}
2025-09-11 21:25:48 - post_modified: {"post_id":19,"post_title":"Curso de teste","post_type":"curso","user":"tsnowk","ip":"::1","timestamp":"2025-09-11 18:25:48"}
2025-09-11 21:25:48 - post_modified: {"post_id":19,"post_title":"Curso de teste","post_type":"curso","user":"tsnowk","ip":"::1","timestamp":"2025-09-11 18:25:48"}
2025-09-11 21:26:35 - post_modified: {"post_id":21,"post_title":"Rascunho autom\u00e1tico","post_type":"depoimento","user":"tsnowk","ip":"::1","timestamp":"2025-09-11 18:26:35"}
2025-09-11 21:27:11 - logout: {"username":false,"ip":"::1","timestamp":"2025-09-11 18:27:11"}
2025-09-11 21:28:29 - successful_login: {"username":"tsnowk","ip":"::1","timestamp":"2025-09-11 18:28:29"}
2025-09-11 21:28:29 - login: {"username":"tsnowk","ip":"::1","timestamp":"2025-09-11 18:28:29"}
